===== AO3 SCRAPER LOG =====
Script: ao3_ids
Startzeit: 2026-01-08T12:40:16
Parameter / Aufruf:
  search_url: https://archiveofourown.org/works/search?commit=Search&work_search%5Bquery%5D=harry+potter&work_search%5Btitle%5D=&work_search%5Bcreators%5D=&work_search%5Brevised_at%5D=123+months+ago&work_search%5Bcomplete%5D=&work_search%5Bcrossover%5D=F&work_search%5Bsingle_chapter%5D=0&work_search%5Bsingle_chapter%5D=1&work_search%5Bword_count%5D=&work_search%5Blanguage_id%5D=en&work_search%5Bfandom_names%5D=Harry+Potter+-+J.+K.+Rowling&work_search%5Brating_ids%5D=&work_search%5Barchive_warning_ids%5D%5B%5D=16&work_search%5Bcharacter_names%5D=&work_search%5Brelationship_names%5D=&work_search%5Bfreeform_names%5D=&work_search%5Bhits%5D=&work_search%5Bkudos_count%5D=&work_search%5Bcomments_count%5D=&work_search%5Bbookmarks_count%5D=&work_search%5Bsort_column%5D=_score&work_search%5Bsort_direction%5D=desc
  out_csv: Ausgabedokumente/AO3_HP_IDs_10_2015.csv
  num_to_retrieve: 400
  header: Mozilla/5.0 (Windows NT 10.0; Win64; x64; rv:131.0) Gecko/20100101 Firefox/131.0; UniProjektDH
  delay: 5
==========================

Starte Scraping für: https://archiveofourown.org/works/search?commit=Search&work_search%5Bquery%5D=harry+potter&work_search%5Btitle%5D=&work_search%5Bcreators%5D=&work_search%5Brevised_at%5D=123+months+ago&work_search%5Bcomplete%5D=&work_search%5Bcrossover%5D=F&work_search%5Bsingle_chapter%5D=0&work_search%5Bsingle_chapter%5D=1&work_search%5Bword_count%5D=&work_search%5Blanguage_id%5D=en&work_search%5Bfandom_names%5D=Harry+Potter+-+J.+K.+Rowling&work_search%5Brating_ids%5D=&work_search%5Barchive_warning_ids%5D%5B%5D=16&work_search%5Bcharacter_names%5D=&work_search%5Brelationship_names%5D=&work_search%5Bfreeform_names%5D=&work_search%5Bhits%5D=&work_search%5Bkudos_count%5D=&work_search%5Bcomments_count%5D=&work_search%5Bbookmarks_count%5D=&work_search%5Bsort_column%5D=_score&work_search%5Bsort_direction%5D=desc
Maximal abzurufende IDs: 400
Seite 1 verarbeitet, 20 IDs gesammelt.
Seite 2 verarbeitet, 39 IDs gesammelt.
Seite 3 verarbeitet, 58 IDs gesammelt.
Seite 4 verarbeitet, 77 IDs gesammelt.
Seite 5 verarbeitet, 96 IDs gesammelt.
Seite 6 verarbeitet, 114 IDs gesammelt.
Seite 7 verarbeitet, 133 IDs gesammelt.
Seite 8 verarbeitet, 153 IDs gesammelt.
Seite 9 verarbeitet, 172 IDs gesammelt.
Seite 10 verarbeitet, 190 IDs gesammelt.
Seite 11 verarbeitet, 210 IDs gesammelt.
Seite 12 verarbeitet, 229 IDs gesammelt.
Seite 13 verarbeitet, 249 IDs gesammelt.
Seite 14 verarbeitet, 268 IDs gesammelt.
Seite 15 verarbeitet, 288 IDs gesammelt.
Seite 16 verarbeitet, 307 IDs gesammelt.
Seite 17 verarbeitet, 326 IDs gesammelt.
Seite 18 verarbeitet, 345 IDs gesammelt.
Seite 19 verarbeitet, 364 IDs gesammelt.
Keine weiteren Ergebnisse gefunden.
364 IDs gespeichert in: Ausgabedokumente/AO3_HP_IDs_10_2015.csv

=== Zusammenfassung ===
IDs gesammelt: 364
Ausgabe-CSV: Ausgabedokumente/AO3_HP_IDs_10_2015.csv
Laufzeit: 171.0 Sekunden
===== ENDE =====
